<?xml version="1.0" encoding="UTF-8"?>
<!-- Generated by org.testng.reporters.JUnitReportReporter -->
<testsuite hostname="DESKTOP-PDQG53T" failures="0" tests="1" name="TestNGReporter.p1" time="8.207" errors="0" timestamp="2025-01-31T06:01:32 IST" skipped="0">
  <testcase classname="TestNGReporter.p1" name="googlesearch" time="8.207"/>
  <system-out>
    <![CDATA[Chrome opened
Enter Text
Enter Puri jagannath temple
Press Enter
Close chrome]]>
  </system-out>
</testsuite> <!-- TestNGReporter.p1 -->
