<?xml version="1.0" encoding="UTF-8"?>
<!-- Generated by org.testng.reporters.JUnitReportReporter -->
<testsuite hostname="DESKTOP-PDQG53T" failures="0" tests="1" name="Practice.p2" time="5.991" errors="0" timestamp="2023-03-19T18:01:05 IST" skipped="0">
  <testcase classname="Practice.p2" name="m1" time="5.991"/>
  <system-out/>
</testsuite> <!-- Practice.p2 -->
